[03-02-2022 23:03:08.008][DEBUG][org.hibernate.engine.jdbc.spi.SqlStatementLogger][http-nio-8080-exec-2][144]select usert0_.user_id as user_id1_0_, usert0_.email as email2_0_, usert0_.first_name as first_na3_0_, usert0_.last_name as last_nam4_0_, usert0_.status as status5_0_ from sys_user_t usert0_ where user_id=? and usert0_.status=1
[03-02-2022 23:03:08.008][TRACE][org.hibernate.type.descriptor.sql.BasicBinder][http-nio-8080-exec-2][64]binding parameter [1] as [INTEGER] - [3]
[03-02-2022 23:03:09.009][ERROR][com.training.user.data.impl.UserDataTransformationImpl][http-nio-8080-exec-2][70]UserDataTransformationImpl:following error occurred in the setUserDetailsByUserId function :
java.lang.NullPointerException: Cannot invoke "com.training.user.model.UserT.getFirst_name()" because "userT" is null
	at com.training.user.data.impl.UserDataTransformationImpl.getUserDetailsByUserId(UserDataTransformationImpl.java:61)
	at com.training.user.service.impl.UserServiceImpl.getUserById(UserServiceImpl.java:29)
	at com.training.user.controller.UserController.getuserById(UserController.java:47)
	at java.base/jdk.internal.reflect.NativeMethodAccessorImpl.invoke0(Native Method)
	at java.base/jdk.internal.reflect.NativeMethodAccessorImpl.invoke(NativeMethodAccessorImpl.java:64)
	at java.base/jdk.internal.reflect.DelegatingMethodAccessorImpl.invoke(DelegatingMethodAccessorImpl.java:43)
	at java.base/java.lang.reflect.Method.invoke(Method.java:564)
	at org.springframework.web.method.support.InvocableHandlerMethod.doInvoke(InvocableHandlerMethod.java:205)
	at org.springframework.web.method.support.InvocableHandlerMethod.invokeForRequest(InvocableHandlerMethod.java:150)
	at org.springframework.web.servlet.mvc.method.annotation.ServletInvocableHandlerMethod.invokeAndHandle(ServletInvocableHandlerMethod.java:117)
	at org.springframework.web.servlet.mvc.method.annotation.RequestMappingHandlerAdapter.invokeHandlerMethod(RequestMappingHandlerAdapter.java:895)
	at org.springframework.web.servlet.mvc.method.annotation.RequestMappingHandlerAdapter.handleInternal(RequestMappingHandlerAdapter.java:808)
	at org.springframework.web.servlet.mvc.method.AbstractHandlerMethodAdapter.handle(AbstractHandlerMethodAdapter.java:87)
	at org.springframework.web.servlet.DispatcherServlet.doDispatch(DispatcherServlet.java:1067)
	at org.springframework.web.servlet.DispatcherServlet.doService(DispatcherServlet.java:963)
	at org.springframework.web.servlet.FrameworkServlet.processRequest(FrameworkServlet.java:1006)
	at org.springframework.web.servlet.FrameworkServlet.doGet(FrameworkServlet.java:898)
	at javax.servlet.http.HttpServlet.service(HttpServlet.java:655)
	at org.springframework.web.servlet.FrameworkServlet.service(FrameworkServlet.java:883)
	at javax.servlet.http.HttpServlet.service(HttpServlet.java:764)
	at org.apache.catalina.core.ApplicationFilterChain.internalDoFilter(ApplicationFilterChain.java:227)
	at org.apache.catalina.core.ApplicationFilterChain.doFilter(ApplicationFilterChain.java:162)
	at org.apache.tomcat.websocket.server.WsFilter.doFilter(WsFilter.java:53)
	at org.apache.catalina.core.ApplicationFilterChain.internalDoFilter(ApplicationFilterChain.java:189)
	at org.apache.catalina.core.ApplicationFilterChain.doFilter(ApplicationFilterChain.java:162)
	at org.springframework.web.filter.RequestContextFilter.doFilterInternal(RequestContextFilter.java:100)
	at org.springframework.web.filter.OncePerRequestFilter.doFilter(OncePerRequestFilter.java:117)
	at org.apache.catalina.core.ApplicationFilterChain.internalDoFilter(ApplicationFilterChain.java:189)
	at org.apache.catalina.core.ApplicationFilterChain.doFilter(ApplicationFilterChain.java:162)
	at org.springframework.web.filter.FormContentFilter.doFilterInternal(FormContentFilter.java:93)
	at org.springframework.web.filter.OncePerRequestFilter.doFilter(OncePerRequestFilter.java:117)
	at org.apache.catalina.core.ApplicationFilterChain.internalDoFilter(ApplicationFilterChain.java:189)
	at org.apache.catalina.core.ApplicationFilterChain.doFilter(ApplicationFilterChain.java:162)
	at org.springframework.web.filter.CharacterEncodingFilter.doFilterInternal(CharacterEncodingFilter.java:201)
	at org.springframework.web.filter.OncePerRequestFilter.doFilter(OncePerRequestFilter.java:117)
	at org.apache.catalina.core.ApplicationFilterChain.internalDoFilter(ApplicationFilterChain.java:189)
	at org.apache.catalina.core.ApplicationFilterChain.doFilter(ApplicationFilterChain.java:162)
	at org.apache.catalina.core.StandardWrapperValve.invoke(StandardWrapperValve.java:197)
	at org.apache.catalina.core.StandardContextValve.invoke(StandardContextValve.java:97)
	at org.apache.catalina.authenticator.AuthenticatorBase.invoke(AuthenticatorBase.java:540)
	at org.apache.catalina.core.StandardHostValve.invoke(StandardHostValve.java:135)
	at org.apache.catalina.valves.ErrorReportValve.invoke(ErrorReportValve.java:92)
	at org.apache.catalina.core.StandardEngineValve.invoke(StandardEngineValve.java:78)
	at org.apache.catalina.connector.CoyoteAdapter.service(CoyoteAdapter.java:357)
	at org.apache.coyote.http11.Http11Processor.service(Http11Processor.java:382)
	at org.apache.coyote.AbstractProcessorLight.process(AbstractProcessorLight.java:65)
	at org.apache.coyote.AbstractProtocol$ConnectionHandler.process(AbstractProtocol.java:895)
	at org.apache.tomcat.util.net.NioEndpoint$SocketProcessor.doRun(NioEndpoint.java:1732)
	at org.apache.tomcat.util.net.SocketProcessorBase.run(SocketProcessorBase.java:49)
	at org.apache.tomcat.util.threads.ThreadPoolExecutor.runWorker(ThreadPoolExecutor.java:1191)
	at org.apache.tomcat.util.threads.ThreadPoolExecutor$Worker.run(ThreadPoolExecutor.java:659)
	at org.apache.tomcat.util.threads.TaskThread$WrappingRunnable.run(TaskThread.java:61)
	at java.base/java.lang.Thread.run(Thread.java:832)
[03-02-2022 23:03:21.021][DEBUG][org.hibernate.engine.jdbc.spi.SqlStatementLogger][http-nio-8080-exec-3][144]select next_val as id_val from hibernate_sequence for update
[03-02-2022 23:03:21.021][DEBUG][org.hibernate.engine.jdbc.spi.SqlStatementLogger][http-nio-8080-exec-3][144]update hibernate_sequence set next_val= ? where next_val=?
[03-02-2022 23:03:21.021][DEBUG][org.hibernate.engine.jdbc.spi.SqlStatementLogger][http-nio-8080-exec-3][144]insert into sys_user_t (email, first_name, last_name, status, user_id) values (?, ?, ?, ?, ?)
[03-02-2022 23:03:21.021][TRACE][org.hibernate.type.descriptor.sql.BasicBinder][http-nio-8080-exec-3][64]binding parameter [1] as [VARCHAR] - [sreejays@meraemi.com]
[03-02-2022 23:03:21.021][TRACE][org.hibernate.type.descriptor.sql.BasicBinder][http-nio-8080-exec-3][64]binding parameter [2] as [VARCHAR] - [sreejay]
[03-02-2022 23:03:21.021][TRACE][org.hibernate.type.descriptor.sql.BasicBinder][http-nio-8080-exec-3][64]binding parameter [3] as [VARCHAR] - [s]
[03-02-2022 23:03:21.021][TRACE][org.hibernate.type.descriptor.sql.BasicBinder][http-nio-8080-exec-3][64]binding parameter [4] as [INTEGER] - [1]
[03-02-2022 23:03:21.021][TRACE][org.hibernate.type.descriptor.sql.BasicBinder][http-nio-8080-exec-3][64]binding parameter [5] as [BIGINT] - [1]
